Arguments: 
  C:\Program Files\nodejs\node.exe C:\Program Files\nodejs\node_modules\yarn\bin\yarn.js install --i nuxt

PATH: 
  C:\Program Files (x86)\Common Files\Oracle\Java\javapath;C:\WINDOWS\system32;C:\WINDOWS;C:\WINDOWS\System32\Wbem;C:\WINDOWS\System32\WindowsPowerShell\v1.0\;C:\WINDOWS\System32\OpenSSH\;C:\Program Files\Git\cmd;C:\Program Files\PuTTY\;C:\Program Files\Go\bin;C:\Users\snope\AppData\Roaming\nvm;C:\Program Files\nodejs;C:\Program Files (x86)\cloudflared\.;C:\Program Files\Docker\Docker\resources\bin;C:\ProgramData\DockerDesktop\version-bin;C:\Strawberry\c\bin;C:\Strawberry\perl\site\bin;C:\Strawberry\perl\bin;C:\ProgramData\chocolatey\bin;C:\xampp\php;C:\Program Files\MySQL\MySQL Shell 8.0\bin\;C:\Users\snope\AppData\Local\Microsoft\WindowsApps;C:\Users\snope\AppData\Local\Programs\Microsoft VS Code\bin;C:\Users\snope\go\bin;C:\Program Files\heroku\bin;C:\Users\snope\AppData\Local\Programs\MiKTeX\miktex\bin\x64\;C:\adb;C:\Program Files (x86)\Bitvise SSH Client;C:\Program Files\MySQL\MySQL Shell 8.0\bin\;C:\Users\snope\AppData\Local\Microsoft\WindowsApps;C:\Users\snope\AppData\Local\Programs\Microsoft VS Code\bin;C:\Users\snope\go\bin;C:\Users\snope\AppData\Roaming\nvm;C:\Program Files\nodejs;C:\Program Files\heroku\bin;C:\Users\snope\AppData\Local\Programs\MiKTeX\miktex\bin\x64\

Yarn version: 
  1.22.19

Node version: 
  16.13.0

Platform: 
  win32 x64

Trace: 
  Error: https://registry.yarnpkg.com/core-js/-/core-js-2.6.12.tgz: ESOCKETTIMEDOUT
      at ClientRequest.<anonymous> (C:\Users\snope\AppData\Roaming\nvm\v16.13.0\node_modules\yarn\lib\cli.js:141517:19)
      at Object.onceWrapper (node:events:509:28)
      at ClientRequest.emit (node:events:390:28)
      at TLSSocket.emitRequestTimeout (node:_http_client:763:9)
      at Object.onceWrapper (node:events:509:28)
      at TLSSocket.emit (node:events:402:35)
      at TLSSocket.Socket._onTimeout (node:net:501:8)
      at listOnTimeout (node:internal/timers:557:17)
      at processTimers (node:internal/timers:500:7)

npm manifest: 
  {
      "name": "vuejs-todolist",
      "version": "1.0.0",
      "private": true,
      "scripts": {
          "dev": "nuxt",
          "build": "nuxt build",
          "heroku-postbuild": "nuxt build",
          "generate": "nuxt generate",
          "start": "nuxt build && nuxt generate && nuxt start",
          "lint:js": "eslint --ext \".js,.vue\" --ignore-path .gitignore .",
          "lint": "npm run lint:js",
          "heroku": "nuxt build && nuxt generate",
          "build-dev": "nuxt build && nuxt generate --dotenv variables/.env.dev"
      },
      "dependencies": {
          "@nuxtjs/auth-next": "5.0.0-1622918202.e815752",
          "@nuxtjs/axios": "^5.13.6",
          "@nuxtjs/dotenv": "^1.4.1",
          "@nuxtjs/google-fonts": "^1.3.0",
          "@nuxtjs/pwa": "^3.3.5",
          "@tailwindcss/forms": "^0.3.3",
          "aos": "^2.3.4",
          "apexcharts": "^3.30.0",
          "caniuse-lite": "^1.0.30001284",
          "chart.js": "^2.7.1",
          "core-js": "^3.9.1",
          "fs": "^0.0.1-security",
          "html2canvas": "^1.3.2",
          "jquery": "^3.6.0",
          "jspdf": "^2.4.0",
          "minio": "^7.0.25",
          "node-sass": "^6.0.0",
          "nuxt": "^2.4.5",
          "nuxt-vuex-localstorage": "^1.3.0",
          "v-money": "^0.8.1",
          "vue-apexcharts": "^1.6.2",
          "vue-chartjs": "^3.4.0",
          "vue-debounce": "^3.0.1",
          "vue-easy-lightbox": "^0.19.0",
          "vue-easy-printer": "^1.0.6",
          "vue-html-to-paper": "^1.4.3",
          "vue-html2pdf": "^1.8.0",
          "vue-slide-bar": "^1.2.0",
          "vuex-persistedstate": "^4.0.0"
      },
      "devDependencies": {
          "@fortawesome/free-brands-svg-icons": "^5.15.3",
          "@fortawesome/free-regular-svg-icons": "^5.15.3",
          "@fortawesome/free-solid-svg-icons": "^5.15.3",
          "@mdi/font": "^6.4.95",
          "@nuxtjs/eslint-config": "^6.0.0",
          "@nuxtjs/eslint-module": "^3.0.2",
          "@nuxtjs/tailwindcss": "^4.1.3",
          "@nuxtjs/vuetify": "^1.12.1",
          "@types/minio": "^7.0.11",
          "babel-eslint": "^10.1.0",
          "eslint": "^7.22.0",
          "eslint-config-prettier": "^8.1.0",
          "eslint-plugin-nuxt": "^2.0.0",
          "eslint-plugin-prettier": "^3.3.1",
          "eslint-plugin-vue": "^7.7.0",
          "fibers": "^5.0.0",
          "material-design-icons-iconfont": "^6.1.1",
          "nuxt-fontawesome": "^0.4.0",
          "postcss": "^8.4.4",
          "postcss-loader": "^3.0.0",
          "prettier": "^2.2.1",
          "sass": "^1.35.1",
          "sass-loader": "^10.2.0",
          "sweetalert2": "^11.4.32"
      }
  }

yarn manifest: 
  No manifest

Lockfile: 
  No lockfile
